{"C:\\CCP project\\fragments\\src\\app.js": {"path":"C:\\CCP project\\fragments\\src\\app.js","statementMap":{"0":{"start":{"line":3,"column":16},"end":{"line":3,"column":34}},"1":{"start":{"line":4,"column":13},"end":{"line":4,"column":28}},"2":{"start":{"line":5,"column":15},"end":{"line":5,"column":32}},"3":{"start":{"line":6,"column":20},"end":{"line":6,"column":42}},"4":{"start":{"line":7,"column":21},"end":{"line":7,"column":38}},"5":{"start":{"line":8,"column":17},"end":{"line":8,"column":36}},"6":{"start":{"line":9,"column":32},"end":{"line":9,"column":53}},"7":{"start":{"line":12,"column":12},"end":{"line":12,"column":21}},"8":{"start":{"line":15,"column":0},"end":{"line":15,"column":16}},"9":{"start":{"line":18,"column":0},"end":{"line":18,"column":34}},"10":{"start":{"line":24,"column":15},"end":{"line":24,"column":34}},"11":{"start":{"line":25,"column":13},"end":{"line":28,"column":2}},"12":{"start":{"line":31,"column":0},"end":{"line":31,"column":23}},"13":{"start":{"line":34,"column":0},"end":{"line":34,"column":14}},"14":{"start":{"line":37,"column":0},"end":{"line":37,"column":18}},"15":{"start":{"line":40,"column":0},"end":{"line":40,"column":23}},"16":{"start":{"line":43,"column":0},"end":{"line":43,"column":38}},"17":{"start":{"line":44,"column":0},"end":{"line":44,"column":31}},"18":{"start":{"line":64,"column":0},"end":{"line":66,"column":3}},"19":{"start":{"line":65,"column":2},"end":{"line":65,"column":62}},"20":{"start":{"line":70,"column":0},"end":{"line":82,"column":3}},"21":{"start":{"line":73,"column":17},"end":{"line":73,"column":34}},"22":{"start":{"line":74,"column":18},"end":{"line":74,"column":60}},"23":{"start":{"line":77,"column":2},"end":{"line":79,"column":3}},"24":{"start":{"line":78,"column":4},"end":{"line":78,"column":54}},"25":{"start":{"line":81,"column":2},"end":{"line":81,"column":64}},"26":{"start":{"line":85,"column":0},"end":{"line":85,"column":21}}},"fnMap":{"0":{"name":"(anonymous_0)","decl":{"start":{"line":64,"column":8},"end":{"line":64,"column":9}},"loc":{"start":{"line":64,"column":22},"end":{"line":66,"column":1}},"line":64},"1":{"name":"(anonymous_1)","decl":{"start":{"line":70,"column":8},"end":{"line":70,"column":9}},"loc":{"start":{"line":70,"column":33},"end":{"line":82,"column":1}},"line":70}},"branchMap":{"0":{"loc":{"start":{"line":73,"column":17},"end":{"line":73,"column":34}},"type":"binary-expr","locations":[{"start":{"line":73,"column":17},"end":{"line":73,"column":27}},{"start":{"line":73,"column":31},"end":{"line":73,"column":34}}],"line":73},"1":{"loc":{"start":{"line":74,"column":18},"end":{"line":74,"column":60}},"type":"binary-expr","locations":[{"start":{"line":74,"column":18},"end":{"line":74,"column":29}},{"start":{"line":74,"column":33},"end":{"line":74,"column":60}}],"line":74},"2":{"loc":{"start":{"line":77,"column":2},"end":{"line":79,"column":3}},"type":"if","locations":[{"start":{"line":77,"column":2},"end":{"line":79,"column":3}},{"start":{},"end":{}}],"line":77}},"s":{"0":3,"1":3,"2":3,"3":3,"4":3,"5":3,"6":3,"7":3,"8":3,"9":3,"10":3,"11":3,"12":3,"13":3,"14":3,"15":3,"16":3,"17":3,"18":3,"19":1,"20":3,"21":0,"22":0,"23":0,"24":0,"25":0,"26":3},"f":{"0":1,"1":0},"b":{"0":[0,0],"1":[0,0],"2":[0,0]},"_coverageSchema":"1a1c01bbd47fc00a2c39e90264f33305004495a9","hash":"6718428fdc0da1550c8733e5bde6ba1c0f2b6ec8"}
,"C:\\CCP project\\fragments\\src\\logger.js": {"path":"C:\\CCP project\\fragments\\src\\logger.js","statementMap":{"0":{"start":{"line":4,"column":16},"end":{"line":4,"column":58}},"1":{"start":{"line":7,"column":0},"end":{"line":15,"column":1}},"2":{"start":{"line":9,"column":2},"end":{"line":14,"column":4}},"3":{"start":{"line":19,"column":0},"end":{"line":19,"column":42}}},"fnMap":{},"branchMap":{"0":{"loc":{"start":{"line":4,"column":25},"end":{"line":4,"column":56}},"type":"binary-expr","locations":[{"start":{"line":4,"column":25},"end":{"line":4,"column":46}},{"start":{"line":4,"column":50},"end":{"line":4,"column":56}}],"line":4},"1":{"loc":{"start":{"line":7,"column":0},"end":{"line":15,"column":1}},"type":"if","locations":[{"start":{"line":7,"column":0},"end":{"line":15,"column":1}},{"start":{},"end":{}}],"line":7}},"s":{"0":3,"1":3,"2":0,"3":3},"f":{},"b":{"0":[3,0],"1":[0,3]},"_coverageSchema":"1a1c01bbd47fc00a2c39e90264f33305004495a9","hash":"5013575ba78a73b0971ae4a19df153c22f03c348"}
,"C:\\CCP project\\fragments\\src\\response.js": {"path":"C:\\CCP project\\fragments\\src\\response.js","statementMap":{"0":{"start":{"line":9,"column":0},"end":{"line":14,"column":2}},"1":{"start":{"line":10,"column":2},"end":{"line":13,"column":4}},"2":{"start":{"line":27,"column":0},"end":{"line":35,"column":2}},"3":{"start":{"line":28,"column":2},"end":{"line":34,"column":4}}},"fnMap":{"0":{"name":"(anonymous_0)","decl":{"start":{"line":9,"column":39},"end":{"line":9,"column":40}},"loc":{"start":{"line":9,"column":60},"end":{"line":14,"column":1}},"line":9},"1":{"name":"(anonymous_1)","decl":{"start":{"line":27,"column":37},"end":{"line":27,"column":38}},"loc":{"start":{"line":27,"column":62},"end":{"line":35,"column":1}},"line":27}},"branchMap":{"0":{"loc":{"start":{"line":9,"column":49},"end":{"line":9,"column":58}},"type":"default-arg","locations":[{"start":{"line":9,"column":56},"end":{"line":9,"column":58}}],"line":9}},"s":{"0":4,"1":7,"2":4,"3":2},"f":{"0":7,"1":2},"b":{"0":[1]},"_coverageSchema":"1a1c01bbd47fc00a2c39e90264f33305004495a9","hash":"227002dec7d3f38fd354aec02038cdd366e3cd84"}
,"C:\\CCP project\\fragments\\src\\auth\\basic-auth.js": {"path":"C:\\CCP project\\fragments\\src\\auth\\basic-auth.js","statementMap":{"0":{"start":{"line":6,"column":13},"end":{"line":6,"column":33}},"1":{"start":{"line":7,"column":17},"end":{"line":7,"column":36}},"2":{"start":{"line":8,"column":21},"end":{"line":8,"column":50}},"3":{"start":{"line":10,"column":15},"end":{"line":10,"column":35}},"4":{"start":{"line":13,"column":0},"end":{"line":15,"column":1}},"5":{"start":{"line":14,"column":2},"end":{"line":14,"column":61}},"6":{"start":{"line":18,"column":0},"end":{"line":18,"column":46}},"7":{"start":{"line":20,"column":0},"end":{"line":27,"column":4}},"8":{"start":{"line":23,"column":2},"end":{"line":27,"column":3}},"9":{"start":{"line":29,"column":0},"end":{"line":29,"column":86}},"10":{"start":{"line":29,"column":36},"end":{"line":29,"column":85}}},"fnMap":{"0":{"name":"(anonymous_0)","decl":{"start":{"line":20,"column":26},"end":{"line":20,"column":27}},"loc":{"start":{"line":23,"column":2},"end":{"line":27,"column":3}},"line":23},"1":{"name":"(anonymous_1)","decl":{"start":{"line":29,"column":30},"end":{"line":29,"column":31}},"loc":{"start":{"line":29,"column":36},"end":{"line":29,"column":85}},"line":29}},"branchMap":{"0":{"loc":{"start":{"line":13,"column":0},"end":{"line":15,"column":1}},"type":"if","locations":[{"start":{"line":13,"column":0},"end":{"line":15,"column":1}},{"start":{},"end":{}}],"line":13}},"s":{"0":3,"1":3,"2":3,"3":3,"4":3,"5":0,"6":3,"7":3,"8":3,"9":3,"10":6},"f":{"0":3,"1":6},"b":{"0":[0,3]},"_coverageSchema":"1a1c01bbd47fc00a2c39e90264f33305004495a9","hash":"358213370f0c832e15c82b84095839216c6586f1"}
,"C:\\CCP project\\fragments\\src\\auth\\index.js": {"path":"C:\\CCP project\\fragments\\src\\auth\\index.js","statementMap":{"0":{"start":{"line":7,"column":0},"end":{"line":15,"column":1}},"1":{"start":{"line":12,"column":2},"end":{"line":14,"column":4}},"2":{"start":{"line":18,"column":0},"end":{"line":28,"column":1}},"3":{"start":{"line":19,"column":2},"end":{"line":19,"column":40}},"4":{"start":{"line":22,"column":5},"end":{"line":28,"column":1}},"5":{"start":{"line":23,"column":2},"end":{"line":23,"column":43}},"6":{"start":{"line":27,"column":2},"end":{"line":27,"column":76}}},"fnMap":{},"branchMap":{"0":{"loc":{"start":{"line":7,"column":0},"end":{"line":15,"column":1}},"type":"if","locations":[{"start":{"line":7,"column":0},"end":{"line":15,"column":1}},{"start":{},"end":{}}],"line":7},"1":{"loc":{"start":{"line":8,"column":2},"end":{"line":10,"column":27}},"type":"binary-expr","locations":[{"start":{"line":8,"column":2},"end":{"line":8,"column":33}},{"start":{"line":9,"column":2},"end":{"line":9,"column":35}},{"start":{"line":10,"column":2},"end":{"line":10,"column":27}}],"line":8},"2":{"loc":{"start":{"line":18,"column":0},"end":{"line":28,"column":1}},"type":"if","locations":[{"start":{"line":18,"column":0},"end":{"line":28,"column":1}},{"start":{"line":22,"column":5},"end":{"line":28,"column":1}}],"line":18},"3":{"loc":{"start":{"line":18,"column":4},"end":{"line":18,"column":72}},"type":"binary-expr","locations":[{"start":{"line":18,"column":4},"end":{"line":18,"column":35}},{"start":{"line":18,"column":39},"end":{"line":18,"column":72}}],"line":18},"4":{"loc":{"start":{"line":22,"column":5},"end":{"line":28,"column":1}},"type":"if","locations":[{"start":{"line":22,"column":5},"end":{"line":28,"column":1}},{"start":{"line":26,"column":5},"end":{"line":28,"column":1}}],"line":22},"5":{"loc":{"start":{"line":22,"column":9},"end":{"line":22,"column":71}},"type":"binary-expr","locations":[{"start":{"line":22,"column":9},"end":{"line":22,"column":34}},{"start":{"line":22,"column":38},"end":{"line":22,"column":71}}],"line":22}},"s":{"0":3,"1":0,"2":3,"3":0,"4":3,"5":3,"6":0},"f":{},"b":{"0":[0,3],"1":[3,0,0],"2":[0,3],"3":[3,0],"4":[3,0],"5":[3,3]},"_coverageSchema":"1a1c01bbd47fc00a2c39e90264f33305004495a9","hash":"6a15f26b23e0393510cab8c2573dcd4c2237633c"}
,"C:\\CCP project\\fragments\\src\\model\\data\\memory\\index.js": {"path":"C:\\CCP project\\fragments\\src\\model\\data\\memory\\index.js","statementMap":{"0":{"start":{"line":1,"column":17},"end":{"line":1,"column":39}},"1":{"start":{"line":4,"column":13},"end":{"line":4,"column":27}},"2":{"start":{"line":5,"column":17},"end":{"line":5,"column":31}},"3":{"start":{"line":11,"column":21},"end":{"line":11,"column":45}},"4":{"start":{"line":12,"column":2},"end":{"line":12,"column":65}},"5":{"start":{"line":20,"column":21},"end":{"line":20,"column":52}},"6":{"start":{"line":21,"column":2},"end":{"line":21,"column":78}},"7":{"start":{"line":26,"column":2},"end":{"line":26,"column":39}},"8":{"start":{"line":31,"column":2},"end":{"line":31,"column":31}},"9":{"start":{"line":36,"column":20},"end":{"line":36,"column":49}},"10":{"start":{"line":37,"column":26},"end":{"line":37,"column":75}},"11":{"start":{"line":37,"column":54},"end":{"line":37,"column":74}},"12":{"start":{"line":40,"column":2},"end":{"line":42,"column":3}},"13":{"start":{"line":41,"column":4},"end":{"line":41,"column":27}},"14":{"start":{"line":45,"column":2},"end":{"line":45,"column":56}},"15":{"start":{"line":45,"column":43},"end":{"line":45,"column":54}},"16":{"start":{"line":50,"column":2},"end":{"line":55,"column":5}},"17":{"start":{"line":58,"column":0},"end":{"line":58,"column":45}},"18":{"start":{"line":59,"column":0},"end":{"line":59,"column":45}},"19":{"start":{"line":60,"column":0},"end":{"line":60,"column":43}},"20":{"start":{"line":61,"column":0},"end":{"line":61,"column":53}},"21":{"start":{"line":62,"column":0},"end":{"line":62,"column":51}},"22":{"start":{"line":63,"column":0},"end":{"line":63,"column":47}}},"fnMap":{"0":{"name":"writeFragment","decl":{"start":{"line":8,"column":9},"end":{"line":8,"column":22}},"loc":{"start":{"line":8,"column":33},"end":{"line":13,"column":1}},"line":8},"1":{"name":"readFragment","decl":{"start":{"line":16,"column":15},"end":{"line":16,"column":27}},"loc":{"start":{"line":16,"column":41},"end":{"line":22,"column":1}},"line":16},"2":{"name":"writeFragmentData","decl":{"start":{"line":25,"column":9},"end":{"line":25,"column":26}},"loc":{"start":{"line":25,"column":48},"end":{"line":27,"column":1}},"line":25},"3":{"name":"readFragmentData","decl":{"start":{"line":30,"column":9},"end":{"line":30,"column":25}},"loc":{"start":{"line":30,"column":39},"end":{"line":32,"column":1}},"line":30},"4":{"name":"listFragments","decl":{"start":{"line":35,"column":15},"end":{"line":35,"column":28}},"loc":{"start":{"line":35,"column":54},"end":{"line":46,"column":1}},"line":35},"5":{"name":"(anonymous_5)","decl":{"start":{"line":37,"column":40},"end":{"line":37,"column":41}},"loc":{"start":{"line":37,"column":54},"end":{"line":37,"column":74}},"line":37},"6":{"name":"(anonymous_6)","decl":{"start":{"line":45,"column":29},"end":{"line":45,"column":30}},"loc":{"start":{"line":45,"column":43},"end":{"line":45,"column":54}},"line":45},"7":{"name":"deleteFragment","decl":{"start":{"line":49,"column":9},"end":{"line":49,"column":23}},"loc":{"start":{"line":49,"column":37},"end":{"line":56,"column":1}},"line":49}},"branchMap":{"0":{"loc":{"start":{"line":21,"column":9},"end":{"line":21,"column":77}},"type":"cond-expr","locations":[{"start":{"line":21,"column":42},"end":{"line":21,"column":64}},{"start":{"line":21,"column":67},"end":{"line":21,"column":77}}],"line":21},"1":{"loc":{"start":{"line":35,"column":38},"end":{"line":35,"column":52}},"type":"default-arg","locations":[{"start":{"line":35,"column":47},"end":{"line":35,"column":52}}],"line":35},"2":{"loc":{"start":{"line":40,"column":2},"end":{"line":42,"column":3}},"type":"if","locations":[{"start":{"line":40,"column":2},"end":{"line":42,"column":3}},{"start":{},"end":{}}],"line":40},"3":{"loc":{"start":{"line":40,"column":6},"end":{"line":40,"column":26}},"type":"binary-expr","locations":[{"start":{"line":40,"column":6},"end":{"line":40,"column":12}},{"start":{"line":40,"column":16},"end":{"line":40,"column":26}}],"line":40}},"s":{"0":1,"1":1,"2":1,"3":3,"4":3,"5":3,"6":3,"7":2,"8":3,"9":2,"10":2,"11":2,"12":2,"13":1,"14":1,"15":1,"16":1,"17":1,"18":1,"19":1,"20":1,"21":1,"22":1},"f":{"0":3,"1":3,"2":2,"3":3,"4":2,"5":2,"6":1,"7":1},"b":{"0":[1,2],"1":[1],"2":[1,1],"3":[2,1]},"_coverageSchema":"1a1c01bbd47fc00a2c39e90264f33305004495a9","hash":"50e89fa86d6a9b548ed9d2b4185b0a122ffe901b"}
,"C:\\CCP project\\fragments\\src\\model\\data\\memory\\memory-db.js": {"path":"C:\\CCP project\\fragments\\src\\model\\data\\memory\\memory-db.js","statementMap":{"0":{"start":{"line":1,"column":20},"end":{"line":1,"column":52}},"1":{"start":{"line":1,"column":29},"end":{"line":1,"column":52}},"2":{"start":{"line":6,"column":4},"end":{"line":6,"column":17}},"3":{"start":{"line":16,"column":4},"end":{"line":20,"column":5}},"4":{"start":{"line":17,"column":6},"end":{"line":19,"column":8}},"5":{"start":{"line":22,"column":15},"end":{"line":22,"column":22}},"6":{"start":{"line":23,"column":18},"end":{"line":23,"column":64}},"7":{"start":{"line":24,"column":4},"end":{"line":24,"column":34}},"8":{"start":{"line":34,"column":4},"end":{"line":38,"column":5}},"9":{"start":{"line":35,"column":6},"end":{"line":37,"column":8}},"10":{"start":{"line":40,"column":15},"end":{"line":40,"column":22}},"11":{"start":{"line":42,"column":4},"end":{"line":42,"column":42}},"12":{"start":{"line":44,"column":4},"end":{"line":44,"column":41}},"13":{"start":{"line":45,"column":4},"end":{"line":45,"column":29}},"14":{"start":{"line":55,"column":4},"end":{"line":57,"column":5}},"15":{"start":{"line":56,"column":6},"end":{"line":56,"column":85}},"16":{"start":{"line":60,"column":15},"end":{"line":60,"column":22}},"17":{"start":{"line":61,"column":19},"end":{"line":61,"column":70}},"18":{"start":{"line":62,"column":4},"end":{"line":62,"column":35}},"19":{"start":{"line":72,"column":4},"end":{"line":76,"column":5}},"20":{"start":{"line":73,"column":6},"end":{"line":75,"column":8}},"21":{"start":{"line":79,"column":4},"end":{"line":83,"column":5}},"22":{"start":{"line":80,"column":6},"end":{"line":82,"column":8}},"23":{"start":{"line":85,"column":15},"end":{"line":85,"column":22}},"24":{"start":{"line":86,"column":4},"end":{"line":86,"column":40}},"25":{"start":{"line":87,"column":4},"end":{"line":87,"column":29}},"26":{"start":{"line":91,"column":0},"end":{"line":91,"column":26}}},"fnMap":{"0":{"name":"(anonymous_0)","decl":{"start":{"line":1,"column":20},"end":{"line":1,"column":21}},"loc":{"start":{"line":1,"column":29},"end":{"line":1,"column":52}},"line":1},"1":{"name":"(anonymous_1)","decl":{"start":{"line":4,"column":2},"end":{"line":4,"column":3}},"loc":{"start":{"line":4,"column":16},"end":{"line":7,"column":3}},"line":4},"2":{"name":"(anonymous_2)","decl":{"start":{"line":15,"column":2},"end":{"line":15,"column":3}},"loc":{"start":{"line":15,"column":32},"end":{"line":25,"column":3}},"line":15},"3":{"name":"(anonymous_3)","decl":{"start":{"line":33,"column":2},"end":{"line":33,"column":3}},"loc":{"start":{"line":33,"column":39},"end":{"line":46,"column":3}},"line":33},"4":{"name":"(anonymous_4)","decl":{"start":{"line":54,"column":2},"end":{"line":54,"column":3}},"loc":{"start":{"line":54,"column":20},"end":{"line":63,"column":3}},"line":54},"5":{"name":"(anonymous_5)","decl":{"start":{"line":71,"column":2},"end":{"line":71,"column":3}},"loc":{"start":{"line":71,"column":38},"end":{"line":88,"column":3}},"line":71}},"branchMap":{"0":{"loc":{"start":{"line":16,"column":4},"end":{"line":20,"column":5}},"type":"if","locations":[{"start":{"line":16,"column":4},"end":{"line":20,"column":5}},{"start":{},"end":{}}],"line":16},"1":{"loc":{"start":{"line":16,"column":10},"end":{"line":16,"column":62}},"type":"binary-expr","locations":[{"start":{"line":16,"column":10},"end":{"line":16,"column":33}},{"start":{"line":16,"column":37},"end":{"line":16,"column":62}}],"line":16},"2":{"loc":{"start":{"line":23,"column":18},"end":{"line":23,"column":64}},"type":"binary-expr","locations":[{"start":{"line":23,"column":18},"end":{"line":23,"column":32}},{"start":{"line":23,"column":36},"end":{"line":23,"column":64}}],"line":23},"3":{"loc":{"start":{"line":34,"column":4},"end":{"line":38,"column":5}},"type":"if","locations":[{"start":{"line":34,"column":4},"end":{"line":38,"column":5}},{"start":{},"end":{}}],"line":34},"4":{"loc":{"start":{"line":34,"column":10},"end":{"line":34,"column":62}},"type":"binary-expr","locations":[{"start":{"line":34,"column":10},"end":{"line":34,"column":33}},{"start":{"line":34,"column":37},"end":{"line":34,"column":62}}],"line":34},"5":{"loc":{"start":{"line":42,"column":21},"end":{"line":42,"column":41}},"type":"binary-expr","locations":[{"start":{"line":42,"column":21},"end":{"line":42,"column":35}},{"start":{"line":42,"column":39},"end":{"line":42,"column":41}}],"line":42},"6":{"loc":{"start":{"line":55,"column":4},"end":{"line":57,"column":5}},"type":"if","locations":[{"start":{"line":55,"column":4},"end":{"line":57,"column":5}},{"start":{},"end":{}}],"line":55},"7":{"loc":{"start":{"line":61,"column":19},"end":{"line":61,"column":70}},"type":"cond-expr","locations":[{"start":{"line":61,"column":36},"end":{"line":61,"column":65}},{"start":{"line":61,"column":68},"end":{"line":61,"column":70}}],"line":61},"8":{"loc":{"start":{"line":72,"column":4},"end":{"line":76,"column":5}},"type":"if","locations":[{"start":{"line":72,"column":4},"end":{"line":76,"column":5}},{"start":{},"end":{}}],"line":72},"9":{"loc":{"start":{"line":72,"column":10},"end":{"line":72,"column":62}},"type":"binary-expr","locations":[{"start":{"line":72,"column":10},"end":{"line":72,"column":33}},{"start":{"line":72,"column":37},"end":{"line":72,"column":62}}],"line":72},"10":{"loc":{"start":{"line":79,"column":4},"end":{"line":83,"column":5}},"type":"if","locations":[{"start":{"line":79,"column":4},"end":{"line":83,"column":5}},{"start":{},"end":{}}],"line":79}},"s":{"0":2,"1":85,"2":14,"3":18,"4":3,"5":15,"6":15,"7":15,"8":19,"9":3,"10":16,"11":16,"12":16,"13":16,"14":6,"15":2,"16":4,"17":4,"18":4,"19":7,"20":3,"21":4,"22":1,"23":3,"24":3,"25":3,"26":2},"f":{"0":85,"1":14,"2":18,"3":19,"4":6,"5":7},"b":{"0":[3,15],"1":[18,15],"2":[15,14],"3":[3,16],"4":[19,16],"5":[16,9],"6":[2,4],"7":[3,1],"8":[3,4],"9":[7,4],"10":[1,3]},"_coverageSchema":"1a1c01bbd47fc00a2c39e90264f33305004495a9","hash":"2bd9ee0ec512ea7d0a54926e1571fdf7a17012c3"}
,"C:\\CCP project\\fragments\\src\\routes\\index.js": {"path":"C:\\CCP project\\fragments\\src\\routes\\index.js","statementMap":{"0":{"start":{"line":3,"column":16},"end":{"line":3,"column":34}},"1":{"start":{"line":6,"column":28},"end":{"line":6,"column":57}},"2":{"start":{"line":9,"column":34},"end":{"line":9,"column":63}},"3":{"start":{"line":12,"column":15},"end":{"line":12,"column":31}},"4":{"start":{"line":15,"column":25},"end":{"line":15,"column":43}},"5":{"start":{"line":19,"column":0},"end":{"line":33,"column":3}},"6":{"start":{"line":22,"column":2},"end":{"line":22,"column":45}},"7":{"start":{"line":25,"column":2},"end":{"line":32,"column":4}},"8":{"start":{"line":40,"column":0},"end":{"line":40,"column":52}},"9":{"start":{"line":42,"column":0},"end":{"line":42,"column":24}}},"fnMap":{"0":{"name":"(anonymous_0)","decl":{"start":{"line":19,"column":16},"end":{"line":19,"column":17}},"loc":{"start":{"line":19,"column":30},"end":{"line":33,"column":1}},"line":19}},"branchMap":{},"s":{"0":3,"1":3,"2":3,"3":3,"4":3,"5":3,"6":4,"7":4,"8":3,"9":3},"f":{"0":4},"b":{},"_coverageSchema":"1a1c01bbd47fc00a2c39e90264f33305004495a9","hash":"0996574352f000d731df060b3451213c561a258b"}
,"C:\\CCP project\\fragments\\src\\routes\\api\\get.js": {"path":"C:\\CCP project\\fragments\\src\\routes\\api\\get.js","statementMap":{"0":{"start":{"line":2,"column":34},"end":{"line":2,"column":59}},"1":{"start":{"line":6,"column":0},"end":{"line":13,"column":2}},"2":{"start":{"line":8,"column":2},"end":{"line":12,"column":4}}},"fnMap":{"0":{"name":"(anonymous_0)","decl":{"start":{"line":6,"column":17},"end":{"line":6,"column":18}},"loc":{"start":{"line":6,"column":31},"end":{"line":13,"column":1}},"line":6}},"branchMap":{},"s":{"0":3,"1":3,"2":1},"f":{"0":1},"b":{},"_coverageSchema":"1a1c01bbd47fc00a2c39e90264f33305004495a9","hash":"03e4b572fc5600b262120c8b0a58d5397f412c8d"}
,"C:\\CCP project\\fragments\\src\\routes\\api\\index.js": {"path":"C:\\CCP project\\fragments\\src\\routes\\api\\index.js","statementMap":{"0":{"start":{"line":6,"column":16},"end":{"line":6,"column":34}},"1":{"start":{"line":8,"column":25},"end":{"line":8,"column":46}},"2":{"start":{"line":10,"column":15},"end":{"line":10,"column":31}},"3":{"start":{"line":13,"column":0},"end":{"line":13,"column":27}},"4":{"start":{"line":16,"column":0},"end":{"line":16,"column":43}},"5":{"start":{"line":20,"column":0},"end":{"line":20,"column":24}}},"fnMap":{},"branchMap":{},"s":{"0":3,"1":3,"2":3,"3":3,"4":3,"5":3},"f":{},"b":{},"_coverageSchema":"1a1c01bbd47fc00a2c39e90264f33305004495a9","hash":"58a5fc945a01096ef4562bdfaa044d8d5d4da081"}
}
