TN:
SF:src\app.js
FN:63,(anonymous_0)
FN:75,(anonymous_1)
FNF:2
FNH:1
FNDA:1,(anonymous_0)
FNDA:0,(anonymous_1)
DA:3,3
DA:4,3
DA:5,3
DA:6,3
DA:7,3
DA:8,3
DA:11,3
DA:14,3
DA:17,3
DA:23,3
DA:24,3
DA:30,3
DA:33,3
DA:36,3
DA:39,3
DA:42,3
DA:43,3
DA:63,3
DA:64,1
DA:75,3
DA:78,0
DA:79,0
DA:82,0
DA:83,0
DA:86,0
DA:96,3
LF:26
LH:21
BRDA:78,0,0,0
BRDA:78,0,1,0
BRDA:79,1,0,0
BRDA:79,1,1,0
BRDA:82,2,0,0
BRDA:82,2,1,0
BRF:6
BRH:0
end_of_record
TN:
SF:src\logger.js
FNF:0
FNH:0
DA:4,3
DA:7,3
DA:9,0
DA:19,3
LF:4
LH:3
BRDA:4,0,0,3
BRDA:4,0,1,0
BRDA:7,1,0,0
BRDA:7,1,1,3
BRF:4
BRH:2
end_of_record
TN:
SF:src\response.js
FN:9,(anonymous_0)
FN:27,(anonymous_1)
FNF:2
FNH:2
FNDA:2,(anonymous_0)
FNDA:1,(anonymous_1)
DA:9,1
DA:10,2
DA:27,1
DA:28,1
LF:4
LH:4
BRDA:9,0,0,1
BRF:1
BRH:1
end_of_record
TN:
SF:src\auth\basic-auth.js
FN:20,(anonymous_0)
FN:29,(anonymous_1)
FNF:2
FNH:2
FNDA:3,(anonymous_0)
FNDA:6,(anonymous_1)
DA:6,3
DA:7,3
DA:8,3
DA:10,3
DA:13,3
DA:14,0
DA:18,3
DA:20,3
DA:23,3
DA:29,6
LF:10
LH:9
BRDA:13,0,0,0
BRDA:13,0,1,3
BRF:2
BRH:1
end_of_record
TN:
SF:src\auth\index.js
FNF:0
FNH:0
DA:7,3
DA:12,0
DA:18,3
DA:19,0
DA:22,3
DA:23,3
DA:27,0
LF:7
LH:4
BRDA:7,0,0,0
BRDA:7,0,1,3
BRDA:8,1,0,3
BRDA:8,1,1,0
BRDA:8,1,2,0
BRDA:18,2,0,0
BRDA:18,2,1,3
BRDA:18,3,0,3
BRDA:18,3,1,0
BRDA:22,4,0,3
BRDA:22,4,1,0
BRDA:22,5,0,3
BRDA:22,5,1,3
BRF:13
BRH:7
end_of_record
TN:
SF:src\routes\index.js
FN:16,(anonymous_0)
FNF:1
FNH:1
FNDA:4,(anonymous_0)
DA:3,3
DA:6,3
DA:9,3
DA:12,3
DA:16,3
DA:19,4
DA:22,4
DA:36,3
DA:38,3
LF:9
LH:9
BRF:0
BRH:0
end_of_record
TN:
SF:src\routes\api\get.js
FN:6,(anonymous_0)
FNF:1
FNH:1
FNDA:1,(anonymous_0)
DA:6,3
DA:8,1
LF:2
LH:2
BRF:0
BRH:0
end_of_record
TN:
SF:src\routes\api\index.js
FNF:0
FNH:0
DA:6,3
DA:8,3
DA:10,3
DA:14,3
DA:17,3
DA:21,3
LF:6
LH:6
BRF:0
BRH:0
end_of_record
