TN:
SF:src\app.js
FN:47,(anonymous_0)
FN:53,(anonymous_1)
FNF:2
FNH:1
FNDA:1,(anonymous_0)
FNDA:0,(anonymous_1)
DA:3,4
DA:4,4
DA:5,4
DA:6,4
DA:7,4
DA:8,4
DA:9,4
DA:12,4
DA:15,4
DA:18,4
DA:24,4
DA:25,4
DA:31,4
DA:34,4
DA:37,4
DA:40,4
DA:43,4
DA:44,4
DA:47,4
DA:48,1
DA:53,4
DA:56,0
DA:57,0
DA:60,0
DA:61,0
DA:64,0
DA:68,4
LF:27
LH:22
BRDA:56,0,0,0
BRDA:56,0,1,0
BRDA:57,1,0,0
BRDA:57,1,1,0
BRDA:60,2,0,0
BRDA:60,2,1,0
BRF:6
BRH:0
end_of_record
TN:
SF:src\hash.js
FN:22,(anonymous_0)
FNF:1
FNH:1
FNDA:62,(anonymous_0)
DA:16,5
DA:22,62
LF:2
LH:2
BRF:0
BRH:0
end_of_record
TN:
SF:src\logger.js
FNF:0
FNH:0
DA:4,5
DA:7,5
DA:9,5
DA:19,5
LF:4
LH:4
BRDA:4,0,0,5
BRDA:4,0,1,0
BRDA:7,1,0,5
BRDA:7,1,1,0
BRF:4
BRH:2
end_of_record
TN:
SF:src\response.js
FN:9,(anonymous_0)
FN:27,(anonymous_1)
FNF:2
FNH:2
FNDA:21,(anonymous_0)
FNDA:19,(anonymous_1)
DA:9,5
DA:10,21
DA:27,5
DA:28,19
LF:4
LH:4
BRDA:9,0,0,1
BRF:1
BRH:1
end_of_record
TN:
SF:src\auth\auth-middleware.js
FN:11,(anonymous_0)
FN:12,(anonymous_1)
FN:19,callback
FNF:3
FNH:3
FNDA:8,(anonymous_0)
FNDA:58,(anonymous_1)
FNDA:58,callback
DA:1,4
DA:3,4
DA:4,4
DA:5,4
DA:11,4
DA:12,8
DA:21,58
DA:22,0
DA:23,0
DA:27,58
DA:28,8
DA:29,8
DA:33,50
DA:34,50
DA:37,50
DA:42,58
LF:16
LH:14
BRDA:21,0,0,0
BRDA:21,0,1,58
BRDA:27,1,0,8
BRDA:27,1,1,50
BRF:4
BRH:3
end_of_record
TN:
SF:src\auth\basic-auth.js
FN:21,(anonymous_0)
FN:31,(anonymous_1)
FNF:2
FNH:2
FNDA:4,(anonymous_0)
FNDA:8,(anonymous_1)
DA:6,4
DA:7,4
DA:9,4
DA:11,4
DA:14,4
DA:15,0
DA:19,4
DA:21,4
DA:24,4
DA:31,8
LF:10
LH:9
BRDA:14,0,0,0
BRDA:14,0,1,4
BRF:2
BRH:1
end_of_record
TN:
SF:src\auth\index.js
FNF:0
FNH:0
DA:7,4
DA:12,0
DA:18,4
DA:19,0
DA:22,4
DA:23,4
DA:27,0
LF:7
LH:4
BRDA:7,0,0,0
BRDA:7,0,1,4
BRDA:8,1,0,4
BRDA:8,1,1,0
BRDA:8,1,2,0
BRDA:18,2,0,0
BRDA:18,2,1,4
BRDA:18,3,0,4
BRDA:18,3,1,0
BRDA:22,4,0,4
BRDA:22,4,1,0
BRDA:22,5,0,4
BRDA:22,5,1,4
BRF:13
BRH:7
end_of_record
TN:
SF:src\model\fragment.js
FN:36,(anonymous_0)
FN:57,(anonymous_1)
FN:69,(anonymous_2)
FN:79,(anonymous_3)
FN:84,(anonymous_4)
FN:90,(anonymous_5)
FN:94,(anonymous_6)
FN:104,(anonymous_7)
FN:108,(anonymous_8)
FN:116,(anonymous_9)
FN:124,(anonymous_10)
FN:134,(anonymous_11)
FN:140,(anonymous_12)
FN:143,(anonymous_13)
FN:144,(anonymous_14)
FN:145,(anonymous_15)
FNF:16
FNH:15
FNDA:68,(anonymous_0)
FNDA:8,(anonymous_1)
FNDA:12,(anonymous_2)
FNDA:1,(anonymous_3)
FNDA:47,(anonymous_4)
FNDA:9,(anonymous_5)
FNDA:24,(anonymous_6)
FNDA:10,(anonymous_7)
FNDA:3,(anonymous_8)
FNDA:5,(anonymous_9)
FNDA:105,(anonymous_10)
FNDA:4,(anonymous_11)
FNDA:1,(anonymous_12)
FNDA:0,(anonymous_13)
FNDA:1,(anonymous_14)
FNDA:1,(anonymous_15)
DA:2,5
DA:4,5
DA:5,5
DA:6,5
DA:8,5
DA:18,5
DA:22,5
DA:37,68
DA:38,3
DA:41,65
DA:42,1
DA:45,64
DA:46,2
DA:49,62
DA:50,62
DA:51,62
DA:52,62
DA:53,62
DA:54,62
DA:58,8
DA:59,8
DA:70,12
DA:71,12
DA:72,3
DA:75,9
DA:76,9
DA:80,1
DA:81,1
DA:85,47
DA:86,47
DA:87,47
DA:91,9
DA:95,24
DA:96,1
DA:98,23
DA:99,23
DA:100,23
DA:101,23
DA:105,10
DA:109,3
DA:117,5
DA:121,5
DA:125,105
DA:126,105
DA:127,105
DA:128,105
DA:130,0
DA:135,4
DA:136,4
DA:138,4
DA:140,1
DA:143,0
DA:144,1
DA:145,1
DA:149,4
DA:150,3
DA:153,1
DA:157,5
LF:58
LH:56
BRDA:36,0,0,9
BRDA:37,1,0,3
BRDA:37,1,1,65
BRDA:37,2,0,68
BRDA:37,2,1,66
BRDA:41,3,0,1
BRDA:41,3,1,64
BRDA:45,4,0,2
BRDA:45,4,1,62
BRDA:45,5,0,64
BRDA:45,5,1,63
BRDA:49,6,0,62
BRDA:49,6,1,40
BRDA:53,7,0,14
BRDA:53,7,1,48
BRDA:54,8,0,14
BRDA:54,8,1,48
BRDA:57,9,0,2
BRDA:71,10,0,3
BRDA:71,10,1,9
BRDA:95,11,0,1
BRDA:95,11,1,23
BRDA:121,12,0,5
BRDA:121,12,1,0
BRDA:125,13,0,0
BRDA:125,13,1,105
BRDA:149,14,0,3
BRDA:149,14,1,1
BRDA:149,15,0,4
BRDA:149,15,1,4
BRF:30
BRH:28
end_of_record
TN:
SF:src\model\data\index.js
FNF:0
FNH:0
DA:1,5
LF:1
LH:1
BRF:0
BRH:0
end_of_record
TN:
SF:src\model\data\memory\index.js
FN:8,writeFragment
FN:16,readFragment
FN:25,writeFragmentData
FN:30,readFragmentData
FN:35,listFragments
FN:37,(anonymous_5)
FN:45,(anonymous_6)
FN:49,deleteFragment
FNF:8
FNH:8
FNDA:50,writeFragment
FNDA:15,readFragment
FNDA:25,writeFragmentData
FNDA:12,readFragmentData
FNDA:10,listFragments
FNDA:6,(anonymous_5)
FNDA:2,(anonymous_6)
FNDA:2,deleteFragment
DA:1,6
DA:4,6
DA:5,6
DA:11,50
DA:12,50
DA:20,15
DA:21,15
DA:26,25
DA:31,12
DA:36,10
DA:37,10
DA:40,10
DA:41,7
DA:45,3
DA:50,2
DA:58,6
DA:59,6
DA:60,6
DA:61,6
DA:62,6
DA:63,6
LF:21
LH:21
BRDA:21,0,0,10
BRDA:21,0,1,5
BRDA:35,1,0,1
BRDA:40,2,0,7
BRDA:40,2,1,3
BRDA:40,3,0,10
BRDA:40,3,1,3
BRF:7
BRH:7
end_of_record
TN:
SF:src\model\data\memory\memory-db.js
FN:1,(anonymous_0)
FN:4,(anonymous_1)
FN:15,(anonymous_2)
FN:33,(anonymous_3)
FN:54,(anonymous_4)
FN:71,(anonymous_5)
FNF:6
FNH:6
FNDA:283,(anonymous_0)
FNDA:24,(anonymous_1)
FNDA:41,(anonymous_2)
FNDA:89,(anonymous_3)
FNDA:14,(anonymous_4)
FNDA:9,(anonymous_5)
DA:1,283
DA:6,24
DA:16,41
DA:17,3
DA:22,38
DA:23,38
DA:24,38
DA:34,89
DA:35,3
DA:40,86
DA:42,86
DA:44,86
DA:45,86
DA:55,14
DA:56,2
DA:60,12
DA:61,12
DA:62,12
DA:72,9
DA:73,3
DA:79,6
DA:80,1
DA:85,5
DA:86,5
DA:87,5
DA:91,7
LF:26
LH:26
BRDA:16,0,0,3
BRDA:16,0,1,38
BRDA:16,1,0,41
BRDA:16,1,1,38
BRDA:23,2,0,38
BRDA:23,2,1,36
BRDA:34,3,0,3
BRDA:34,3,1,86
BRDA:34,4,0,89
BRDA:34,4,1,86
BRDA:42,5,0,86
BRDA:42,5,1,21
BRDA:55,6,0,2
BRDA:55,6,1,12
BRDA:61,7,0,7
BRDA:61,7,1,5
BRDA:72,8,0,3
BRDA:72,8,1,6
BRDA:72,9,0,9
BRDA:72,9,1,6
BRDA:79,10,0,1
BRDA:79,10,1,5
BRF:22
BRH:22
end_of_record
TN:
SF:src\routes\index.js
FN:19,(anonymous_0)
FNF:1
FNH:1
FNDA:4,(anonymous_0)
DA:3,4
DA:6,4
DA:9,4
DA:12,4
DA:15,4
DA:19,4
DA:22,4
DA:25,4
DA:39,4
DA:41,4
LF:10
LH:10
BRF:0
BRH:0
end_of_record
TN:
SF:src\routes\api\get.js
FN:5,(anonymous_0)
FN:20,(anonymous_1)
FN:28,(anonymous_2)
FN:52,(anonymous_3)
FN:115,(anonymous_4)
FNF:5
FNH:5
FNDA:4,(anonymous_0)
FNDA:1,(anonymous_1)
FNDA:5,(anonymous_2)
FNDA:5,(anonymous_3)
FNDA:3,(anonymous_4)
DA:1,4
DA:2,4
DA:3,4
DA:5,4
DA:6,4
DA:7,4
DA:8,4
DA:9,4
DA:10,4
DA:12,4
DA:14,4
DA:16,1
DA:20,3
DA:21,3
DA:23,0
DA:24,0
DA:28,4
DA:29,5
DA:30,5
DA:32,5
DA:34,4
DA:52,4
DA:53,5
DA:54,5
DA:56,5
DA:57,5
DA:59,5
DA:60,5
DA:61,4
DA:63,4
DA:64,4
DA:67,4
DA:68,2
DA:69,0
DA:70,0
DA:73,2
DA:74,1
DA:75,1
DA:86,1
DA:87,1
DA:88,1
DA:92,2
DA:93,0
DA:94,0
DA:95,0
DA:99,2
DA:110,1
DA:111,1
DA:115,4
DA:116,3
DA:117,3
DA:119,3
DA:121,3
DA:122,3
DA:123,1
DA:126,1
DA:139,2
DA:140,2
DA:147,4
LF:59
LH:52
BRDA:14,0,0,1
BRDA:14,0,1,3
BRDA:30,1,0,2
BRDA:30,1,1,3
BRDA:67,2,0,2
BRDA:67,2,1,2
BRDA:68,3,0,0
BRDA:68,3,1,2
BRDA:73,4,0,1
BRDA:73,4,1,1
BRDA:92,5,0,0
BRDA:92,5,1,2
BRF:12
BRH:10
end_of_record
TN:
SF:src\routes\api\index.js
FN:15,(anonymous_0)
FN:19,(anonymous_1)
FNF:2
FNH:2
FNDA:4,(anonymous_0)
FNDA:13,(anonymous_1)
DA:6,4
DA:8,4
DA:9,4
DA:10,4
DA:11,4
DA:13,4
DA:15,4
DA:16,4
DA:23,13
DA:24,13
DA:29,4
DA:32,4
DA:34,4
DA:36,4
DA:40,4
DA:41,4
LF:16
LH:16
BRF:0
BRH:0
end_of_record
TN:
SF:src\routes\api\post.js
FN:5,(anonymous_0)
FNF:1
FNH:1
FNDA:13,(anonymous_0)
DA:1,4
DA:2,4
DA:3,4
DA:5,4
DA:6,13
DA:8,13
DA:10,13
DA:13,13
DA:14,3
DA:15,3
DA:21,10
DA:22,1
DA:23,1
DA:27,9
DA:28,0
DA:29,0
DA:34,9
DA:35,0
DA:36,0
DA:39,9
DA:42,9
DA:43,9
DA:44,8
DA:46,8
DA:49,8
DA:50,8
DA:52,8
DA:54,1
DA:55,1
LF:29
LH:25
BRDA:13,0,0,3
BRDA:13,0,1,10
BRDA:13,1,0,13
BRDA:13,1,1,13
BRDA:14,2,0,3
BRDA:14,2,1,0
BRDA:21,3,0,1
BRDA:21,3,1,9
BRDA:21,4,0,10
BRDA:21,4,1,10
BRDA:27,5,0,0
BRDA:27,5,1,9
BRDA:34,6,0,0
BRDA:34,6,1,9
BRDA:49,7,0,8
BRDA:49,7,1,8
BRF:16
BRH:13
end_of_record
